<?xml version="1.0" encoding="UTF-8"?>
<Site BuildName="(empty)"
	BuildStamp="20240716-0613-Experimental"
	Name="system-1234"
	Generator="ctest-3.22.1"
	CompilerName="/usr/bin/c++"
	CompilerVersion="11.4.0"
	OSName="Linux"
	Hostname="system-1234"
	OSRelease="6.5.0-41-generic"
	OSVersion="#41~22.04.2-Ubuntu SMP PREEMPT_DYNAMIC Mon Jun  3 11:32:55 UTC 2"
	OSPlatform="x86_64"
	Is64Bits="1"
	VendorString="GenuineIntel"
	VendorID="Intel Corporation"
	FamilyID="6"
	ModelID="154"
	ProcessorCacheSize="18432"
	NumberOfLogicalCPU="16"
	NumberOfPhysicalCPU="12"
	TotalVirtualMemory="2047"
	TotalPhysicalMemory="7672"
	LogicalProcessorsPerPhysical="1"
	ProcessorClockFrequency="2772.28"
	>
	<Testing>
		<StartDateTime>Jul 16 15:13 KST</StartDateTime>
		<StartTestTime>1721110415</StartTestTime>
		<TestList/>
		<EndDateTime>Jul 16 15:13 KST</EndDateTime>
		<EndTestTime>1721110415</EndTestTime>
		<ElapsedMinutes>0</ElapsedMinutes>
	</Testing>
</Site>
